# JRE version: OpenJDK Runtime Environment (17.0.1+12) (build 17.0.1+12-39)
# Java VM: OpenJDK 64-Bit Server VM (17.0.1+12-39, mixed mode, sharing, tiered, compressed oops, compressed class ptrs, g1 gc, windows-amd64)
GC Precious Log:
 CPUs: 8 total, 8 available
 Memory: 3818M
 Large Page Support: Disabled
 NUMA Support: Disabled
 Compressed Oops: Enabled (32-bit)
 Heap Region Size: 1M
 Heap Min Capacity: 8M
 Heap Initial Capacity: 60M
 Heap Max Capacity: 956M
 Pre-touch: Disabled
 Parallel Workers: 8
 Concurrent Workers: 2
 Concurrent Refinement Workers: 8
 Periodic GC: Disabled
Heap:
 garbage-first heap   total 147456K, used 98589K [0x00000000c4400000, 0x0000000100000000)
  region size 1024K, 27 young (27648K), 3 survivors (3072K)
 Metaspace       used 31089K, committed 31488K, reserved 1081344K
  class space    used 3998K, committed 4224K, reserved 1048576K
GC Heap History (20 events):
Event: 116.194 GC heap before
{Heap before GC invocations=63 (full 0):
 garbage-first heap   total 83968K, used 51340K [0x00000000c4400000, 0x0000000100000000)
  region size 1024K, 2 young (2048K), 1 survivors (1024K)
 Metaspace       used 31057K, committed 31488K, reserved 1081344K
  class space    used 3998K, committed 4224K, reserved 1048576K
}
Event: 116.196 GC heap after
{Heap after GC invocations=64 (full 0):
 garbage-first heap   total 83968K, used 51687K [0x00000000c4400000, 0x0000000100000000)
  region size 1024K, 1 young (1024K), 1 survivors (1024K)
 Metaspace       used 31057K, committed 31488K, reserved 1081344K
  class space    used 3998K, committed 4224K, reserved 1048576K
}
Event: 116.488 GC heap before
{Heap before GC invocations=65 (full 0):
 garbage-first heap   total 91136K, used 83431K [0x00000000c4400000, 0x0000000100000000)
  region size 1024K, 13 young (13312K), 1 survivors (1024K)
 Metaspace       used 31062K, committed 31488K, reserved 1081344K
  class space    used 3998K, committed 4224K, reserved 1048576K
}
Event: 116.489 GC heap after
{Heap after GC invocations=66 (full 0):
 garbage-first heap   total 91136K, used 62670K [0x00000000c4400000, 0x0000000100000000)
  region size 1024K, 2 young (2048K), 2 survivors (2048K)
 Metaspace       used 31062K, committed 31488K, reserved 1081344K
  class space    used 3998K, committed 4224K, reserved 1048576K
}
Event: 116.532 GC heap before
{Heap before GC invocations=66 (full 0):
 garbage-first heap   total 91136K, used 68814K [0x00000000c4400000, 0x0000000100000000)
  region size 1024K, 4 young (4096K), 2 survivors (2048K)
 Metaspace       used 31062K, committed 31488K, reserved 1081344K
  class space    used 3998K, committed 4224K, reserved 1048576K
}
Event: 116.534 GC heap after
{Heap after GC invocations=67 (full 0):
 garbage-first heap   total 91136K, used 65101K [0x00000000c4400000, 0x0000000100000000)
  region size 1024K, 1 young (1024K), 1 survivors (1024K)
 Metaspace       used 31062K, committed 31488K, reserved 1081344K
  class space    used 3998K, committed 4224K, reserved 1048576K
}
Event: 116.613 GC heap before
{Heap before GC invocations=67 (full 0):
 garbage-first heap   total 91136K, used 65101K [0x00000000c4400000, 0x0000000100000000)
  region size 1024K, 3 young (3072K), 1 survivors (1024K)
 Metaspace       used 31063K, committed 31488K, reserved 1081344K
  class space    used 3998K, committed 4224K, reserved 1048576K
}
Event: 116.614 GC heap after
{Heap after GC invocations=68 (full 0):
 garbage-first heap   total 91136K, used 65765K [0x00000000c4400000, 0x0000000100000000)
  region size 1024K, 1 young (1024K), 1 survivors (1024K)
 Metaspace       used 31063K, committed 31488K, reserved 1081344K
  class space    used 3998K, committed 4224K, reserved 1048576K
}
Event: 116.784 GC heap before
{Heap before GC invocations=69 (full 0):
 garbage-first heap   total 114688K, used 80101K [0x00000000c4400000, 0x0000000100000000)
  region size 1024K, 8 young (8192K), 1 survivors (1024K)
 Metaspace       used 31074K, committed 31488K, reserved 1081344K
  class space    used 3998K, committed 4224K, reserved 1048576K
}
Event: 116.786 GC heap after
{Heap after GC invocations=70 (full 0):
 garbage-first heap   total 114688K, used 70536K [0x00000000c4400000, 0x0000000100000000)
  region size 1024K, 1 young (1024K), 1 survivors (1024K)
 Metaspace       used 31074K, committed 31488K, reserved 1081344K
  class space    used 3998K, committed 4224K, reserved 1048576K
}
Event: 136.708 GC heap before
{Heap before GC invocations=70 (full 0):
 garbage-first heap   total 114688K, used 74632K [0x00000000c4400000, 0x0000000100000000)
  region size 1024K, 5 young (5120K), 1 survivors (1024K)
 Metaspace       used 31075K, committed 31488K, reserved 1081344K
  class space    used 3998K, committed 4224K, reserved 1048576K
}
Event: 136.714 GC heap after
{Heap after GC invocations=71 (full 0):
 garbage-first heap   total 114688K, used 70808K [0x00000000c4400000, 0x0000000100000000)
  region size 1024K, 1 young (1024K), 1 survivors (1024K)
 Metaspace       used 31075K, committed 31488K, reserved 1081344K
  class space    used 3998K, committed 4224K, reserved 1048576K
}
Event: 148.588 GC heap before
{Heap before GC invocations=71 (full 0):
 garbage-first heap   total 114688K, used 89240K [0x00000000c4400000, 0x0000000100000000)
  region size 1024K, 19 young (19456K), 1 survivors (1024K)
 Metaspace       used 31087K, committed 31488K, reserved 1081344K
  class space    used 3998K, committed 4224K, reserved 1048576K
}
Event: 148.590 GC heap after
{Heap after GC invocations=72 (full 0):
 garbage-first heap   total 114688K, used 71361K [0x00000000c4400000, 0x0000000100000000)
  region size 1024K, 2 young (2048K), 2 survivors (2048K)
 Metaspace       used 31087K, committed 31488K, reserved 1081344K
  class space    used 3998K, committed 4224K, reserved 1048576K
}
Event: 148.885 GC heap before
{Heap before GC invocations=73 (full 0):
 garbage-first heap   total 122880K, used 89793K [0x00000000c4400000, 0x0000000100000000)
  region size 1024K, 20 young (20480K), 2 survivors (2048K)
 Metaspace       used 31087K, committed 31488K, reserved 1081344K
  class space    used 3998K, committed 4224K, reserved 1048576K
}
Event: 148.887 GC heap after
{Heap after GC invocations=74 (full 0):
 garbage-first heap   total 122880K, used 72276K [0x00000000c4400000, 0x0000000100000000)
  region size 1024K, 2 young (2048K), 2 survivors (2048K)
 Metaspace       used 31087K, committed 31488K, reserved 1081344K
  class space    used 3998K, committed 4224K, reserved 1048576K
}
Event: 148.961 GC heap before
{Heap before GC invocations=74 (full 0):
 garbage-first heap   total 122880K, used 76372K [0x00000000c4400000, 0x0000000100000000)
  region size 1024K, 6 young (6144K), 2 survivors (2048K)
 Metaspace       used 31087K, committed 31488K, reserved 1081344K
  class space    used 3998K, committed 4224K, reserved 1048576K
}
Event: 148.965 GC heap after
{Heap after GC invocations=75 (full 0):
 garbage-first heap   total 122880K, used 72703K [0x00000000c4400000, 0x0000000100000000)
  region size 1024K, 1 young (1024K), 1 survivors (1024K)
 Metaspace       used 31087K, committed 31488K, reserved 1081344K
  class space    used 3998K, committed 4224K, reserved 1048576K
}
Event: 149.325 GC heap before
{Heap before GC invocations=75 (full 0):
 garbage-first heap   total 122880K, used 98303K [0x00000000c4400000, 0x0000000100000000)
  region size 1024K, 26 young (26624K), 1 survivors (1024K)
 Metaspace       used 31087K, committed 31488K, reserved 1081344K
  class space    used 3998K, committed 4224K, reserved 1048576K
}
Event: 149.328 GC heap after
{Heap after GC invocations=76 (full 0):
 garbage-first heap   total 147456K, used 75037K [0x00000000c4400000, 0x0000000100000000)
  region size 1024K, 3 young (3072K), 3 survivors (3072K)
 Metaspace       used 31087K, committed 31488K, reserved 1081344K
  class space    used 3998K, committed 4224K, reserved 1048576K
}

