# JRE version: OpenJDK Runtime Environment (17.0.1+12) (build 17.0.1+12-39)
# Java VM: OpenJDK 64-Bit Server VM (17.0.1+12-39, mixed mode, sharing, tiered, compressed oops, compressed class ptrs, g1 gc, windows-amd64)
GC Precious Log:
 CPUs: 8 total, 8 available
 Memory: 3818M
 Large Page Support: Disabled
 NUMA Support: Disabled
 Compressed Oops: Enabled (32-bit)
 Heap Region Size: 1M
 Heap Min Capacity: 8M
 Heap Initial Capacity: 60M
 Heap Max Capacity: 956M
 Pre-touch: Disabled
 Parallel Workers: 8
 Concurrent Workers: 2
 Concurrent Refinement Workers: 8
 Periodic GC: Disabled
Heap:
 garbage-first heap   total 116736K, used 97501K [0x00000000c4400000, 0x0000000100000000)
  region size 1024K, 26 young (26624K), 1 survivors (1024K)
 Metaspace       used 31713K, committed 32192K, reserved 1081344K
  class space    used 4049K, committed 4288K, reserved 1048576K
GC Heap History (20 events):
Event: 123.252 GC heap before
{Heap before GC invocations=62 (full 0):
 garbage-first heap   total 89088K, used 69012K [0x00000000c4400000, 0x0000000100000000)
  region size 1024K, 19 young (19456K), 3 survivors (3072K)
 Metaspace       used 31107K, committed 31552K, reserved 1081344K
  class space    used 4012K, committed 4224K, reserved 1048576K
}
Event: 123.253 GC heap after
{Heap after GC invocations=63 (full 0):
 garbage-first heap   total 89088K, used 53121K [0x00000000c4400000, 0x0000000100000000)
  region size 1024K, 1 young (1024K), 1 survivors (1024K)
 Metaspace       used 31107K, committed 31552K, reserved 1081344K
  class space    used 4012K, committed 4224K, reserved 1048576K
}
Event: 123.543 GC heap before
{Heap before GC invocations=63 (full 0):
 garbage-first heap   total 89088K, used 72577K [0x00000000c4400000, 0x0000000100000000)
  region size 1024K, 20 young (20480K), 1 survivors (1024K)
 Metaspace       used 31122K, committed 31552K, reserved 1081344K
  class space    used 4012K, committed 4224K, reserved 1048576K
}
Event: 123.545 GC heap after
{Heap after GC invocations=64 (full 0):
 garbage-first heap   total 89088K, used 54059K [0x00000000c4400000, 0x0000000100000000)
  region size 1024K, 2 young (2048K), 2 survivors (2048K)
 Metaspace       used 31122K, committed 31552K, reserved 1081344K
  class space    used 4012K, committed 4224K, reserved 1048576K
}
Event: 124.185 GC heap before
{Heap before GC invocations=64 (full 0):
 garbage-first heap   total 89088K, used 71467K [0x00000000c4400000, 0x0000000100000000)
  region size 1024K, 20 young (20480K), 2 survivors (2048K)
 Metaspace       used 31237K, committed 31616K, reserved 1081344K
  class space    used 4020K, committed 4224K, reserved 1048576K
}
Event: 124.192 GC heap after
{Heap after GC invocations=65 (full 0):
 garbage-first heap   total 89088K, used 56148K [0x00000000c4400000, 0x0000000100000000)
  region size 1024K, 3 young (3072K), 3 survivors (3072K)
 Metaspace       used 31237K, committed 31616K, reserved 1081344K
  class space    used 4020K, committed 4224K, reserved 1048576K
}
Event: 124.608 GC heap before
{Heap before GC invocations=65 (full 0):
 garbage-first heap   total 89088K, used 70484K [0x00000000c4400000, 0x0000000100000000)
  region size 1024K, 18 young (18432K), 3 survivors (3072K)
 Metaspace       used 31379K, committed 31808K, reserved 1081344K
  class space    used 4021K, committed 4224K, reserved 1048576K
}
Event: 124.609 GC heap after
{Heap after GC invocations=66 (full 0):
 garbage-first heap   total 89088K, used 56281K [0x00000000c4400000, 0x0000000100000000)
  region size 1024K, 3 young (3072K), 3 survivors (3072K)
 Metaspace       used 31379K, committed 31808K, reserved 1081344K
  class space    used 4021K, committed 4224K, reserved 1048576K
}
Event: 125.159 GC heap before
{Heap before GC invocations=66 (full 0):
 garbage-first heap   total 89088K, used 69593K [0x00000000c4400000, 0x0000000100000000)
  region size 1024K, 17 young (17408K), 3 survivors (3072K)
 Metaspace       used 31403K, committed 31808K, reserved 1081344K
  class space    used 4021K, committed 4224K, reserved 1048576K
}
Event: 125.161 GC heap after
{Heap after GC invocations=67 (full 0):
 garbage-first heap   total 89088K, used 54709K [0x00000000c4400000, 0x0000000100000000)
  region size 1024K, 1 young (1024K), 1 survivors (1024K)
 Metaspace       used 31403K, committed 31808K, reserved 1081344K
  class space    used 4021K, committed 4224K, reserved 1048576K
}
Event: 125.998 GC heap before
{Heap before GC invocations=67 (full 0):
 garbage-first heap   total 89088K, used 72117K [0x00000000c4400000, 0x0000000100000000)
  region size 1024K, 11 young (11264K), 1 survivors (1024K)
 Metaspace       used 31470K, committed 31872K, reserved 1081344K
  class space    used 4025K, committed 4224K, reserved 1048576K
}
Event: 126.000 GC heap after
{Heap after GC invocations=68 (full 0):
 garbage-first heap   total 89088K, used 60154K [0x00000000c4400000, 0x0000000100000000)
  region size 1024K, 2 young (2048K), 2 survivors (2048K)
 Metaspace       used 31470K, committed 31872K, reserved 1081344K
  class space    used 4025K, committed 4224K, reserved 1048576K
}
Event: 126.159 GC heap before
{Heap before GC invocations=68 (full 0):
 garbage-first heap   total 89088K, used 68346K [0x00000000c4400000, 0x0000000100000000)
  region size 1024K, 5 young (5120K), 2 survivors (2048K)
 Metaspace       used 31470K, committed 31872K, reserved 1081344K
  class space    used 4025K, committed 4224K, reserved 1048576K
}
Event: 126.160 GC heap after
{Heap after GC invocations=69 (full 0):
 garbage-first heap   total 89088K, used 63702K [0x00000000c4400000, 0x0000000100000000)
  region size 1024K, 1 young (1024K), 1 survivors (1024K)
 Metaspace       used 31470K, committed 31872K, reserved 1081344K
  class space    used 4025K, committed 4224K, reserved 1048576K
}
Event: 126.624 GC heap before
{Heap before GC invocations=69 (full 0):
 garbage-first heap   total 89088K, used 71894K [0x00000000c4400000, 0x0000000100000000)
  region size 1024K, 9 young (9216K), 1 survivors (1024K)
 Metaspace       used 31483K, committed 31872K, reserved 1081344K
  class space    used 4025K, committed 4224K, reserved 1048576K
}
Event: 126.625 GC heap after
{Heap after GC invocations=70 (full 0):
 garbage-first heap   total 89088K, used 66025K [0x00000000c4400000, 0x0000000100000000)
  region size 1024K, 1 young (1024K), 1 survivors (1024K)
 Metaspace       used 31483K, committed 31872K, reserved 1081344K
  class space    used 4025K, committed 4224K, reserved 1048576K
}
Event: 126.717 GC heap before
{Heap before GC invocations=71 (full 0):
 garbage-first heap   total 116736K, used 74217K [0x00000000c4400000, 0x0000000100000000)
  region size 1024K, 9 young (9216K), 1 survivors (1024K)
 Metaspace       used 31500K, committed 31936K, reserved 1081344K
  class space    used 4025K, committed 4224K, reserved 1048576K
}
Event: 126.719 GC heap after
{Heap after GC invocations=72 (full 0):
 garbage-first heap   total 116736K, used 66218K [0x00000000c4400000, 0x0000000100000000)
  region size 1024K, 2 young (2048K), 2 survivors (2048K)
 Metaspace       used 31500K, committed 31936K, reserved 1081344K
  class space    used 4025K, committed 4224K, reserved 1048576K
}
Event: 126.768 GC heap before
{Heap before GC invocations=72 (full 0):
 garbage-first heap   total 116736K, used 68266K [0x00000000c4400000, 0x0000000100000000)
  region size 1024K, 5 young (5120K), 2 survivors (2048K)
 Metaspace       used 31525K, committed 32000K, reserved 1081344K
  class space    used 4025K, committed 4288K, reserved 1048576K
}
Event: 126.773 GC heap after
{Heap after GC invocations=73 (full 0):
 garbage-first heap   total 116736K, used 55517K [0x00000000c4400000, 0x0000000100000000)
  region size 1024K, 1 young (1024K), 1 survivors (1024K)
 Metaspace       used 31525K, committed 32000K, reserved 1081344K
  class space    used 4025K, committed 4288K, reserved 1048576K
}

