# JRE version: OpenJDK Runtime Environment (17.0.1+12) (build 17.0.1+12-39)
# Java VM: OpenJDK 64-Bit Server VM (17.0.1+12-39, mixed mode, sharing, tiered, compressed oops, compressed class ptrs, g1 gc, windows-amd64)
GC Precious Log:
 CPUs: 8 total, 8 available
 Memory: 3818M
 Large Page Support: Disabled
 NUMA Support: Disabled
 Compressed Oops: Enabled (32-bit)
 Heap Region Size: 1M
 Heap Min Capacity: 8M
 Heap Initial Capacity: 60M
 Heap Max Capacity: 956M
 Pre-touch: Disabled
 Parallel Workers: 8
 Concurrent Workers: 2
 Concurrent Refinement Workers: 8
 Periodic GC: Disabled
Heap:
 garbage-first heap   total 157696K, used 68542K [0x00000000c4400000, 0x0000000100000000)
  region size 1024K, 22 young (22528K), 2 survivors (2048K)
 Metaspace       used 30614K, committed 31040K, reserved 1081344K
  class space    used 3996K, committed 4224K, reserved 1048576K
GC Heap History (20 events):
Event: 35.942 GC heap before
{Heap before GC invocations=18 (full 0):
 garbage-first heap   total 61440K, used 36172K [0x00000000c4400000, 0x0000000100000000)
  region size 1024K, 4 young (4096K), 3 survivors (3072K)
 Metaspace       used 30142K, committed 30528K, reserved 1081344K
  class space    used 3995K, committed 4224K, reserved 1048576K
}
Event: 35.944 GC heap after
{Heap after GC invocations=19 (full 0):
 garbage-first heap   total 61440K, used 33464K [0x00000000c4400000, 0x0000000100000000)
  region size 1024K, 1 young (1024K), 1 survivors (1024K)
 Metaspace       used 30142K, committed 30528K, reserved 1081344K
  class space    used 3995K, committed 4224K, reserved 1048576K
}
Event: 37.280 GC heap before
{Heap before GC invocations=19 (full 0):
 garbage-first heap   total 61440K, used 47800K [0x00000000c4400000, 0x0000000100000000)
  region size 1024K, 16 young (16384K), 1 survivors (1024K)
 Metaspace       used 30333K, committed 30784K, reserved 1081344K
  class space    used 3996K, committed 4224K, reserved 1048576K
}
Event: 37.283 GC heap after
{Heap after GC invocations=20 (full 0):
 garbage-first heap   total 61440K, used 34228K [0x00000000c4400000, 0x0000000100000000)
  region size 1024K, 1 young (1024K), 1 survivors (1024K)
 Metaspace       used 30333K, committed 30784K, reserved 1081344K
  class space    used 3996K, committed 4224K, reserved 1048576K
}
Event: 38.073 GC heap before
{Heap before GC invocations=21 (full 0):
 garbage-first heap   total 61440K, used 48564K [0x00000000c4400000, 0x0000000100000000)
  region size 1024K, 16 young (16384K), 1 survivors (1024K)
 Metaspace       used 30472K, committed 30912K, reserved 1081344K
  class space    used 3996K, committed 4224K, reserved 1048576K
}
Event: 38.074 GC heap after
{Heap after GC invocations=22 (full 0):
 garbage-first heap   total 61440K, used 34614K [0x00000000c4400000, 0x0000000100000000)
  region size 1024K, 2 young (2048K), 2 survivors (2048K)
 Metaspace       used 30472K, committed 30912K, reserved 1081344K
  class space    used 3996K, committed 4224K, reserved 1048576K
}
Event: 39.358 GC heap before
{Heap before GC invocations=22 (full 0):
 garbage-first heap   total 61440K, used 48950K [0x00000000c4400000, 0x0000000100000000)
  region size 1024K, 17 young (17408K), 2 survivors (2048K)
 Metaspace       used 30556K, committed 30976K, reserved 1081344K
  class space    used 3996K, committed 4224K, reserved 1048576K
}
Event: 39.360 GC heap after
{Heap after GC invocations=23 (full 0):
 garbage-first heap   total 61440K, used 38815K [0x00000000c4400000, 0x0000000100000000)
  region size 1024K, 3 young (3072K), 3 survivors (3072K)
 Metaspace       used 30556K, committed 30976K, reserved 1081344K
  class space    used 3996K, committed 4224K, reserved 1048576K
}
Event: 39.587 GC heap before
{Heap before GC invocations=24 (full 0):
 garbage-first heap   total 68608K, used 50079K [0x00000000c4400000, 0x0000000100000000)
  region size 1024K, 14 young (14336K), 3 survivors (3072K)
 Metaspace       used 30559K, committed 30976K, reserved 1081344K
  class space    used 3996K, committed 4224K, reserved 1048576K
}
Event: 39.596 GC heap after
{Heap after GC invocations=25 (full 0):
 garbage-first heap   total 68608K, used 41248K [0x00000000c4400000, 0x0000000100000000)
  region size 1024K, 2 young (2048K), 2 survivors (2048K)
 Metaspace       used 30559K, committed 30976K, reserved 1081344K
  class space    used 3996K, committed 4224K, reserved 1048576K
}
Event: 39.601 GC heap before
{Heap before GC invocations=25 (full 0):
 garbage-first heap   total 68608K, used 42272K [0x00000000c4400000, 0x0000000100000000)
  region size 1024K, 3 young (3072K), 2 survivors (2048K)
 Metaspace       used 30559K, committed 30976K, reserved 1081344K
  class space    used 3996K, committed 4224K, reserved 1048576K
}
Event: 39.603 GC heap after
{Heap after GC invocations=26 (full 0):
 garbage-first heap   total 68608K, used 41485K [0x00000000c4400000, 0x0000000100000000)
  region size 1024K, 1 young (1024K), 1 survivors (1024K)
 Metaspace       used 30559K, committed 30976K, reserved 1081344K
  class space    used 3996K, committed 4224K, reserved 1048576K
}
Event: 39.808 GC heap before
{Heap before GC invocations=26 (full 0):
 garbage-first heap   total 68608K, used 52749K [0x00000000c4400000, 0x0000000100000000)
  region size 1024K, 13 young (13312K), 1 survivors (1024K)
 Metaspace       used 30564K, committed 30976K, reserved 1081344K
  class space    used 3996K, committed 4224K, reserved 1048576K
}
Event: 39.812 GC heap after
{Heap after GC invocations=27 (full 0):
 garbage-first heap   total 68608K, used 44754K [0x00000000c4400000, 0x0000000100000000)
  region size 1024K, 2 young (2048K), 2 survivors (2048K)
 Metaspace       used 30564K, committed 30976K, reserved 1081344K
  class space    used 3996K, committed 4224K, reserved 1048576K
}
Event: 40.509 GC heap before
{Heap before GC invocations=28 (full 0):
 garbage-first heap   total 78848K, used 64210K [0x00000000c4400000, 0x0000000100000000)
  region size 1024K, 11 young (11264K), 2 survivors (2048K)
 Metaspace       used 30593K, committed 31040K, reserved 1081344K
  class space    used 3996K, committed 4224K, reserved 1048576K
}
Event: 40.517 GC heap after
{Heap after GC invocations=29 (full 0):
 garbage-first heap   total 78848K, used 52145K [0x00000000c4400000, 0x0000000100000000)
  region size 1024K, 2 young (2048K), 2 survivors (2048K)
 Metaspace       used 30593K, committed 31040K, reserved 1081344K
  class space    used 3996K, committed 4224K, reserved 1048576K
}
Event: 40.541 GC heap before
{Heap before GC invocations=29 (full 0):
 garbage-first heap   total 78848K, used 53169K [0x00000000c4400000, 0x0000000100000000)
  region size 1024K, 3 young (3072K), 2 survivors (2048K)
 Metaspace       used 30593K, committed 31040K, reserved 1081344K
  class space    used 3996K, committed 4224K, reserved 1048576K
}
Event: 40.547 GC heap after
{Heap after GC invocations=30 (full 0):
 garbage-first heap   total 78848K, used 50207K [0x00000000c4400000, 0x0000000100000000)
  region size 1024K, 1 young (1024K), 1 survivors (1024K)
 Metaspace       used 30593K, committed 31040K, reserved 1081344K
  class space    used 3996K, committed 4224K, reserved 1048576K
}
Event: 40.788 GC heap before
{Heap before GC invocations=30 (full 0):
 garbage-first heap   total 78848K, used 61471K [0x00000000c4400000, 0x0000000100000000)
  region size 1024K, 12 young (12288K), 1 survivors (1024K)
 Metaspace       used 30593K, committed 31040K, reserved 1081344K
  class space    used 3996K, committed 4224K, reserved 1048576K
}
Event: 40.795 GC heap after
{Heap after GC invocations=31 (full 0):
 garbage-first heap   total 157696K, used 53182K [0x00000000c4400000, 0x0000000100000000)
  region size 1024K, 2 young (2048K), 2 survivors (2048K)
 Metaspace       used 30593K, committed 31040K, reserved 1081344K
  class space    used 3996K, committed 4224K, reserved 1048576K
}

